c:\temp\!!!work!!!\interactive falling object simulator\simulationloop\debug\vc141.pdb
c:\temp\!!!work!!!\interactive falling object simulator\simulationloop\debug\vc141.idb
c:\temp\!!!work!!!\interactive falling object simulator\simulationloop\debug\ballcubecontactmanifold.obj
c:\temp\!!!work!!!\interactive falling object simulator\simulationloop\debug\bowl.obj
c:\temp\!!!work!!!\interactive falling object simulator\simulationloop\debug\box.obj
c:\temp\!!!work!!!\interactive falling object simulator\simulationloop\debug\cube.obj
c:\temp\!!!work!!!\interactive falling object simulator\simulationloop\debug\cubecontactmanifold.obj
c:\temp\!!!work!!!\interactive falling object simulator\simulationloop\debug\hole.obj
c:\temp\!!!work!!!\interactive falling object simulator\simulationloop\debug\ballcontactmanifold.obj
c:\temp\!!!work!!!\interactive falling object simulator\simulationloop\debug\simulation.obj
c:\temp\!!!work!!!\interactive falling object simulator\simulationloop\debug\main.obj
c:\temp\!!!work!!!\interactive falling object simulator\simulationloop\debug\tray.obj
c:\temp\!!!work!!!\interactive falling object simulator\simulationloop\debug\ball.obj
c:\temp\!!!work!!!\interactive falling object simulator\simulationloop\debug\textureloader.obj
c:\temp\!!!work!!!\interactive falling object simulator\simulationloop\debug\vector3d.obj
c:\temp\!!!work!!!\interactive falling object simulator\debug\interactive falling object simulator.ilk
c:\temp\!!!work!!!\interactive falling object simulator\debug\interactive falling object simulator.exe
c:\temp\!!!work!!!\interactive falling object simulator\debug\interactive falling object simulator.pdb
c:\temp\!!!work!!!\interactive falling object simulator\simulationloop\debug\interact.cc55b7f0.tlog\cl.command.1.tlog
c:\temp\!!!work!!!\interactive falling object simulator\simulationloop\debug\interact.cc55b7f0.tlog\cl.read.1.tlog
c:\temp\!!!work!!!\interactive falling object simulator\simulationloop\debug\interact.cc55b7f0.tlog\cl.write.1.tlog
c:\temp\!!!work!!!\interactive falling object simulator\simulationloop\debug\interact.cc55b7f0.tlog\link.command.1.tlog
c:\temp\!!!work!!!\interactive falling object simulator\simulationloop\debug\interact.cc55b7f0.tlog\link.read.1.tlog
c:\temp\!!!work!!!\interactive falling object simulator\simulationloop\debug\interact.cc55b7f0.tlog\link.write.1.tlog
