c:\temp\!!!work!!!\simulationloop_2017-18\simulationloop\debug\vc141.pdb
c:\temp\!!!work!!!\simulationloop_2017-18\simulationloop\debug\vc141.idb
c:\temp\!!!work!!!\simulationloop_2017-18\simulationloop\debug\ballcubecontactmanifold.obj
c:\temp\!!!work!!!\simulationloop_2017-18\simulationloop\debug\bowl.obj
c:\temp\!!!work!!!\simulationloop_2017-18\simulationloop\debug\box.obj
c:\temp\!!!work!!!\simulationloop_2017-18\simulationloop\debug\cube.obj
c:\temp\!!!work!!!\simulationloop_2017-18\simulationloop\debug\cubecontactmanifold.obj
c:\temp\!!!work!!!\simulationloop_2017-18\simulationloop\debug\hole.obj
c:\temp\!!!work!!!\simulationloop_2017-18\simulationloop\debug\ballcontactmanifold.obj
c:\temp\!!!work!!!\simulationloop_2017-18\simulationloop\debug\simulation.obj
c:\temp\!!!work!!!\simulationloop_2017-18\simulationloop\debug\main.obj
c:\temp\!!!work!!!\simulationloop_2017-18\simulationloop\debug\tray.obj
c:\temp\!!!work!!!\simulationloop_2017-18\simulationloop\debug\ball.obj
c:\temp\!!!work!!!\simulationloop_2017-18\simulationloop\debug\textureloader.obj
c:\temp\!!!work!!!\simulationloop_2017-18\simulationloop\debug\vector3d.obj
c:\temp\!!!work!!!\simulationloop_2017-18\debug\simulationloop.ilk
c:\temp\!!!work!!!\simulationloop_2017-18\debug\simulationloop.exe
c:\temp\!!!work!!!\simulationloop_2017-18\debug\simulationloop.pdb
c:\temp\!!!work!!!\simulationloop_2017-18\simulationloop\debug\simulationloop.tlog\cl.command.1.tlog
c:\temp\!!!work!!!\simulationloop_2017-18\simulationloop\debug\simulationloop.tlog\cl.read.1.tlog
c:\temp\!!!work!!!\simulationloop_2017-18\simulationloop\debug\simulationloop.tlog\cl.write.1.tlog
c:\temp\!!!work!!!\simulationloop_2017-18\simulationloop\debug\simulationloop.tlog\link.command.1.tlog
c:\temp\!!!work!!!\simulationloop_2017-18\simulationloop\debug\simulationloop.tlog\link.read.1.tlog
c:\temp\!!!work!!!\simulationloop_2017-18\simulationloop\debug\simulationloop.tlog\link.write.1.tlog
