c:\temp\!!!work!!!\simulationloop_2017-18\simulationloop\release\vc141.pdb
c:\temp\!!!work!!!\simulationloop_2017-18\simulationloop\release\vector3d.obj
c:\temp\!!!work!!!\simulationloop_2017-18\simulationloop\release\textureloader.obj
c:\temp\!!!work!!!\simulationloop_2017-18\simulationloop\release\ball.obj
c:\temp\!!!work!!!\simulationloop_2017-18\simulationloop\release\tray.obj
c:\temp\!!!work!!!\simulationloop_2017-18\simulationloop\release\main.obj
c:\temp\!!!work!!!\simulationloop_2017-18\simulationloop\release\simulation.obj
c:\temp\!!!work!!!\simulationloop_2017-18\simulationloop\release\ballcontactmanifold.obj
c:\temp\!!!work!!!\simulationloop_2017-18\simulationloop\release\hole.obj
c:\temp\!!!work!!!\simulationloop_2017-18\simulationloop\release\cubecontactmanifold.obj
c:\temp\!!!work!!!\simulationloop_2017-18\simulationloop\release\cube.obj
c:\temp\!!!work!!!\simulationloop_2017-18\simulationloop\release\box.obj
c:\temp\!!!work!!!\simulationloop_2017-18\simulationloop\release\bowl.obj
c:\temp\!!!work!!!\simulationloop_2017-18\simulationloop\release\ballcubecontactmanifold.obj
c:\temp\!!!work!!!\simulationloop_2017-18\release\simulationloop.exe
c:\temp\!!!work!!!\simulationloop_2017-18\release\simulationloop.pdb
c:\temp\!!!work!!!\simulationloop_2017-18\release\simulationloop.ipdb
c:\temp\!!!work!!!\simulationloop_2017-18\release\simulationloop.iobj
c:\temp\!!!work!!!\simulationloop_2017-18\simulationloop\release\simulationloop.tlog\cl.command.1.tlog
c:\temp\!!!work!!!\simulationloop_2017-18\simulationloop\release\simulationloop.tlog\cl.read.1.tlog
c:\temp\!!!work!!!\simulationloop_2017-18\simulationloop\release\simulationloop.tlog\cl.write.1.tlog
c:\temp\!!!work!!!\simulationloop_2017-18\simulationloop\release\simulationloop.tlog\link.command.1.tlog
c:\temp\!!!work!!!\simulationloop_2017-18\simulationloop\release\simulationloop.tlog\link.read.1.tlog
c:\temp\!!!work!!!\simulationloop_2017-18\simulationloop\release\simulationloop.tlog\link.write.1.tlog
c:\temp\!!!work!!!\simulationloop_2017-18\simulationloop\release\simulationloop.tlog\simulationloop.write.1u.tlog
